{"total": {"lines":{"total":70,"covered":70,"skipped":0,"pct":100},"statements":{"total":72,"covered":72,"skipped":0,"pct":100},"functions":{"total":23,"covered":23,"skipped":0,"pct":100},"branches":{"total":47,"covered":39,"skipped":0,"pct":82.98}}
,"/var/www/vue-modal-next/src/Modal.vue": {"lines":{"total":70,"covered":70,"skipped":0,"pct":100},"functions":{"total":23,"covered":23,"skipped":0,"pct":100},"statements":{"total":72,"covered":72,"skipped":0,"pct":100},"branches":{"total":47,"covered":39,"skipped":0,"pct":82.98}}
}
